INFO:  latexindent version 3.20.1, 2023-01-07, a script to indent .tex files
       latexindent lives here: /usr/share/texlive/texmf-dist/scripts/latexindent/
       Sat Apr 25 10:55:09 2026
       Filename: chapter2.tex
INFO:  Processing switches:
       -s|--silent: Silent mode active (you have used either -s or --silent)
       -w|--overwrite: Overwrite mode active, will make a back up before overwriting
       -y|--yaml: YAML settings specified via command line
INFO:  Directory for backup files and indent.log:
       .
INFO:  YAML settings read: defaultSettings.yaml
       Reading defaultSettings.yaml from /usr/share/texlive/texmf-dist/scripts/latexindent/defaultSettings.yaml
INFO:  YAML reading settings
       Home directory is /home/Chiaki
       latexindent.pl didn't find indentconfig.yaml or .indentconfig.yaml
       see all possible locations: https://latexindentpl.readthedocs.io/en/latest/sec-appendices.html#indentconfig-options)
INFO:  -l switch used without filename, will search for the following files in turn:
       localSettings.yaml,latexindent.yaml,.localSettings.yaml,.latexindent.yaml
INFO:  YAML settings read: -l switch
       Multiple localSettings found, separated by commas:
       localSettings.yaml, latexindent.yaml, .localSettings.yaml, .latexindent.yaml
WARN:  yaml file not found: localSettings.yaml not found. Proceeding without it.
WARN:  yaml file not found: latexindent.yaml not found. Proceeding without it.
WARN:  yaml file not found: .localSettings.yaml not found. Proceeding without it.
WARN:  yaml file not found: .latexindent.yaml not found. Proceeding without it.
INFO:  YAML settings read: -y switch
       YAML setting: backup:0
       Updating mainSettings with backup: 0
INFO:  Backup procedure (-w flag active):
       ./chapter2.bak0 already exists, incrementing by 1... (see maxNumberOfBackUps and onlyOneBackUp)
       ./chapter2.bak1 already exists, incrementing by 1... (see maxNumberOfBackUps and onlyOneBackUp)
       ./chapter2.bak2 already exists, incrementing by 1... (see maxNumberOfBackUps and onlyOneBackUp)
       ./chapter2.bak3 already exists, incrementing by 1... (see maxNumberOfBackUps and onlyOneBackUp)
       ./chapter2.bak4 already exists, incrementing by 1... (see maxNumberOfBackUps and onlyOneBackUp)
       ./chapter2.bak5 already exists, incrementing by 1... (see maxNumberOfBackUps and onlyOneBackUp)
       ./chapter2.bak6 already exists, incrementing by 1... (see maxNumberOfBackUps and onlyOneBackUp)
       ./chapter2.bak7 already exists, incrementing by 1... (see maxNumberOfBackUps and onlyOneBackUp)
       ./chapter2.bak8 already exists, incrementing by 1... (see maxNumberOfBackUps and onlyOneBackUp)
       ./chapter2.bak9 already exists, incrementing by 1... (see maxNumberOfBackUps and onlyOneBackUp)
       ./chapter2.bak10 already exists, incrementing by 1... (see maxNumberOfBackUps and onlyOneBackUp)
       ./chapter2.bak11 already exists, incrementing by 1... (see maxNumberOfBackUps and onlyOneBackUp)
       ./chapter2.bak12 already exists, incrementing by 1... (see maxNumberOfBackUps and onlyOneBackUp)
       ./chapter2.bak13 already exists, incrementing by 1... (see maxNumberOfBackUps and onlyOneBackUp)
       ./chapter2.bak14 already exists, incrementing by 1... (see maxNumberOfBackUps and onlyOneBackUp)
       ./chapter2.bak15 already exists, incrementing by 1... (see maxNumberOfBackUps and onlyOneBackUp)
       ./chapter2.bak16 already exists, incrementing by 1... (see maxNumberOfBackUps and onlyOneBackUp)
       ./chapter2.bak17 already exists, incrementing by 1... (see maxNumberOfBackUps and onlyOneBackUp)
       ./chapter2.bak18 already exists, incrementing by 1... (see maxNumberOfBackUps and onlyOneBackUp)
       ./chapter2.bak19 already exists, incrementing by 1... (see maxNumberOfBackUps and onlyOneBackUp)
       ./chapter2.bak20 already exists, incrementing by 1... (see maxNumberOfBackUps and onlyOneBackUp)
       ./chapter2.bak21 already exists, incrementing by 1... (see maxNumberOfBackUps and onlyOneBackUp)
       ./chapter2.bak22 already exists, incrementing by 1... (see maxNumberOfBackUps and onlyOneBackUp)
       ./chapter2.bak23 already exists, incrementing by 1... (see maxNumberOfBackUps and onlyOneBackUp)
       ./chapter2.bak24 already exists, incrementing by 1... (see maxNumberOfBackUps and onlyOneBackUp)
       ./chapter2.bak25 already exists, incrementing by 1... (see maxNumberOfBackUps and onlyOneBackUp)
       ./chapter2.bak26 already exists, incrementing by 1... (see maxNumberOfBackUps and onlyOneBackUp)
       ./chapter2.bak27 already exists, incrementing by 1... (see maxNumberOfBackUps and onlyOneBackUp)
       ./chapter2.bak28 already exists, incrementing by 1... (see maxNumberOfBackUps and onlyOneBackUp)
       ./chapter2.bak29 already exists, incrementing by 1... (see maxNumberOfBackUps and onlyOneBackUp)
       ./chapter2.bak30 already exists, incrementing by 1... (see maxNumberOfBackUps and onlyOneBackUp)
       ./chapter2.bak31 already exists, incrementing by 1... (see maxNumberOfBackUps and onlyOneBackUp)
       ./chapter2.bak32 already exists, incrementing by 1... (see maxNumberOfBackUps and onlyOneBackUp)
       ./chapter2.bak33 already exists, incrementing by 1... (see maxNumberOfBackUps and onlyOneBackUp)
       ./chapter2.bak34 already exists, incrementing by 1... (see maxNumberOfBackUps and onlyOneBackUp)
       ./chapter2.bak35 already exists, incrementing by 1... (see maxNumberOfBackUps and onlyOneBackUp)
       ./chapter2.bak36 already exists, incrementing by 1... (see maxNumberOfBackUps and onlyOneBackUp)
       ./chapter2.bak37 already exists, incrementing by 1... (see maxNumberOfBackUps and onlyOneBackUp)
       ./chapter2.bak38 already exists, incrementing by 1... (see maxNumberOfBackUps and onlyOneBackUp)
       ./chapter2.bak39 already exists, incrementing by 1... (see maxNumberOfBackUps and onlyOneBackUp)
       ./chapter2.bak40 already exists, incrementing by 1... (see maxNumberOfBackUps and onlyOneBackUp)
       ./chapter2.bak41 already exists, incrementing by 1... (see maxNumberOfBackUps and onlyOneBackUp)
       ./chapter2.bak42 already exists, incrementing by 1... (see maxNumberOfBackUps and onlyOneBackUp)
       ./chapter2.bak43 already exists, incrementing by 1... (see maxNumberOfBackUps and onlyOneBackUp)
       ./chapter2.bak44 already exists, incrementing by 1... (see maxNumberOfBackUps and onlyOneBackUp)
       ./chapter2.bak45 already exists, incrementing by 1... (see maxNumberOfBackUps and onlyOneBackUp)
       ./chapter2.bak46 already exists, incrementing by 1... (see maxNumberOfBackUps and onlyOneBackUp)
       ./chapter2.bak47 already exists, incrementing by 1... (see maxNumberOfBackUps and onlyOneBackUp)
       ./chapter2.bak48 already exists, incrementing by 1... (see maxNumberOfBackUps and onlyOneBackUp)
       ./chapter2.bak49 already exists, incrementing by 1... (see maxNumberOfBackUps and onlyOneBackUp)
       copying chapter2.tex to ./chapter2.bak50
       Backup file: ./chapter2.bak50
       chapter2.tex will be overwritten after indentation
INFO:  Phase 1: searching for objects
INFO:  Phase 2: finding surrounding indentation
INFO:  Phase 3: indenting objects
INFO:  Phase 4: final indentation check
INFO:  Output routine:
       Overwriting file chapter2.tex
       --------------
INFO:  Please direct all communication/issues to:
        https://github.com/cmhughes/latexindent.pl
