INFO:  latexindent version 3.20.1, 2023-01-07, a script to indent .tex files
       latexindent lives here: /usr/share/texlive/texmf-dist/scripts/latexindent/
       Fri Apr  3 19:20:09 2026
       Filename: chapter0.tex
INFO:  Processing switches:
       -s|--silent: Silent mode active (you have used either -s or --silent)
       -w|--overwrite: Overwrite mode active, will make a back up before overwriting
       -y|--yaml: YAML settings specified via command line
INFO:  Directory for backup files and indent.log:
       .
INFO:  YAML settings read: defaultSettings.yaml
       Reading defaultSettings.yaml from /usr/share/texlive/texmf-dist/scripts/latexindent/defaultSettings.yaml
INFO:  YAML reading settings
       Home directory is /home/Chiaki
       latexindent.pl didn't find indentconfig.yaml or .indentconfig.yaml
       see all possible locations: https://latexindentpl.readthedocs.io/en/latest/sec-appendices.html#indentconfig-options)
INFO:  -l switch used without filename, will search for the following files in turn:
       localSettings.yaml,latexindent.yaml,.localSettings.yaml,.latexindent.yaml
INFO:  YAML settings read: -l switch
       Multiple localSettings found, separated by commas:
       localSettings.yaml, latexindent.yaml, .localSettings.yaml, .latexindent.yaml
WARN:  yaml file not found: localSettings.yaml not found. Proceeding without it.
WARN:  yaml file not found: latexindent.yaml not found. Proceeding without it.
WARN:  yaml file not found: .localSettings.yaml not found. Proceeding without it.
WARN:  yaml file not found: .latexindent.yaml not found. Proceeding without it.
INFO:  YAML settings read: -y switch
       YAML setting: backup:0
       Updating mainSettings with backup: 0
INFO:  Backup procedure (-w flag active):
       ./chapter0.bak0 already exists, incrementing by 1... (see maxNumberOfBackUps and onlyOneBackUp)
       ./chapter0.bak1 already exists, incrementing by 1... (see maxNumberOfBackUps and onlyOneBackUp)
       ./chapter0.bak2 already exists, incrementing by 1... (see maxNumberOfBackUps and onlyOneBackUp)
       ./chapter0.bak3 already exists, incrementing by 1... (see maxNumberOfBackUps and onlyOneBackUp)
       ./chapter0.bak4 already exists, incrementing by 1... (see maxNumberOfBackUps and onlyOneBackUp)
       ./chapter0.bak5 already exists, incrementing by 1... (see maxNumberOfBackUps and onlyOneBackUp)
       ./chapter0.bak6 already exists, incrementing by 1... (see maxNumberOfBackUps and onlyOneBackUp)
       ./chapter0.bak7 already exists, incrementing by 1... (see maxNumberOfBackUps and onlyOneBackUp)
       ./chapter0.bak8 already exists, incrementing by 1... (see maxNumberOfBackUps and onlyOneBackUp)
       ./chapter0.bak9 already exists, incrementing by 1... (see maxNumberOfBackUps and onlyOneBackUp)
       ./chapter0.bak10 already exists, incrementing by 1... (see maxNumberOfBackUps and onlyOneBackUp)
       ./chapter0.bak11 already exists, incrementing by 1... (see maxNumberOfBackUps and onlyOneBackUp)
       ./chapter0.bak12 already exists, incrementing by 1... (see maxNumberOfBackUps and onlyOneBackUp)
       ./chapter0.bak13 already exists, incrementing by 1... (see maxNumberOfBackUps and onlyOneBackUp)
       ./chapter0.bak14 already exists, incrementing by 1... (see maxNumberOfBackUps and onlyOneBackUp)
       ./chapter0.bak15 already exists, incrementing by 1... (see maxNumberOfBackUps and onlyOneBackUp)
       ./chapter0.bak16 already exists, incrementing by 1... (see maxNumberOfBackUps and onlyOneBackUp)
       ./chapter0.bak17 already exists, incrementing by 1... (see maxNumberOfBackUps and onlyOneBackUp)
       ./chapter0.bak18 already exists, incrementing by 1... (see maxNumberOfBackUps and onlyOneBackUp)
       ./chapter0.bak19 already exists, incrementing by 1... (see maxNumberOfBackUps and onlyOneBackUp)
       ./chapter0.bak20 already exists, incrementing by 1... (see maxNumberOfBackUps and onlyOneBackUp)
       ./chapter0.bak21 already exists, incrementing by 1... (see maxNumberOfBackUps and onlyOneBackUp)
       ./chapter0.bak22 already exists, incrementing by 1... (see maxNumberOfBackUps and onlyOneBackUp)
       ./chapter0.bak23 already exists, incrementing by 1... (see maxNumberOfBackUps and onlyOneBackUp)
       ./chapter0.bak24 already exists, incrementing by 1... (see maxNumberOfBackUps and onlyOneBackUp)
       ./chapter0.bak25 already exists, incrementing by 1... (see maxNumberOfBackUps and onlyOneBackUp)
       ./chapter0.bak26 already exists, incrementing by 1... (see maxNumberOfBackUps and onlyOneBackUp)
       ./chapter0.bak27 already exists, incrementing by 1... (see maxNumberOfBackUps and onlyOneBackUp)
       ./chapter0.bak28 already exists, incrementing by 1... (see maxNumberOfBackUps and onlyOneBackUp)
       ./chapter0.bak29 already exists, incrementing by 1... (see maxNumberOfBackUps and onlyOneBackUp)
       ./chapter0.bak30 already exists, incrementing by 1... (see maxNumberOfBackUps and onlyOneBackUp)
       ./chapter0.bak31 already exists, incrementing by 1... (see maxNumberOfBackUps and onlyOneBackUp)
       ./chapter0.bak32 already exists, incrementing by 1... (see maxNumberOfBackUps and onlyOneBackUp)
       ./chapter0.bak33 already exists, incrementing by 1... (see maxNumberOfBackUps and onlyOneBackUp)
       ./chapter0.bak34 already exists, incrementing by 1... (see maxNumberOfBackUps and onlyOneBackUp)
       ./chapter0.bak35 already exists, incrementing by 1... (see maxNumberOfBackUps and onlyOneBackUp)
       ./chapter0.bak36 already exists, incrementing by 1... (see maxNumberOfBackUps and onlyOneBackUp)
       ./chapter0.bak37 already exists, incrementing by 1... (see maxNumberOfBackUps and onlyOneBackUp)
       ./chapter0.bak38 already exists, incrementing by 1... (see maxNumberOfBackUps and onlyOneBackUp)
       ./chapter0.bak39 already exists, incrementing by 1... (see maxNumberOfBackUps and onlyOneBackUp)
       ./chapter0.bak40 already exists, incrementing by 1... (see maxNumberOfBackUps and onlyOneBackUp)
       ./chapter0.bak41 already exists, incrementing by 1... (see maxNumberOfBackUps and onlyOneBackUp)
       ./chapter0.bak42 already exists, incrementing by 1... (see maxNumberOfBackUps and onlyOneBackUp)
       ./chapter0.bak43 already exists, incrementing by 1... (see maxNumberOfBackUps and onlyOneBackUp)
       ./chapter0.bak44 already exists, incrementing by 1... (see maxNumberOfBackUps and onlyOneBackUp)
       ./chapter0.bak45 already exists, incrementing by 1... (see maxNumberOfBackUps and onlyOneBackUp)
       ./chapter0.bak46 already exists, incrementing by 1... (see maxNumberOfBackUps and onlyOneBackUp)
       ./chapter0.bak47 already exists, incrementing by 1... (see maxNumberOfBackUps and onlyOneBackUp)
       ./chapter0.bak48 already exists, incrementing by 1... (see maxNumberOfBackUps and onlyOneBackUp)
       ./chapter0.bak49 already exists, incrementing by 1... (see maxNumberOfBackUps and onlyOneBackUp)
       ./chapter0.bak50 already exists, incrementing by 1... (see maxNumberOfBackUps and onlyOneBackUp)
       ./chapter0.bak51 already exists, incrementing by 1... (see maxNumberOfBackUps and onlyOneBackUp)
       ./chapter0.bak52 already exists, incrementing by 1... (see maxNumberOfBackUps and onlyOneBackUp)
       ./chapter0.bak53 already exists, incrementing by 1... (see maxNumberOfBackUps and onlyOneBackUp)
       ./chapter0.bak54 already exists, incrementing by 1... (see maxNumberOfBackUps and onlyOneBackUp)
       ./chapter0.bak55 already exists, incrementing by 1... (see maxNumberOfBackUps and onlyOneBackUp)
       ./chapter0.bak56 already exists, incrementing by 1... (see maxNumberOfBackUps and onlyOneBackUp)
       ./chapter0.bak57 already exists, incrementing by 1... (see maxNumberOfBackUps and onlyOneBackUp)
       ./chapter0.bak58 already exists, incrementing by 1... (see maxNumberOfBackUps and onlyOneBackUp)
       ./chapter0.bak59 already exists, incrementing by 1... (see maxNumberOfBackUps and onlyOneBackUp)
       ./chapter0.bak60 already exists, incrementing by 1... (see maxNumberOfBackUps and onlyOneBackUp)
       ./chapter0.bak61 already exists, incrementing by 1... (see maxNumberOfBackUps and onlyOneBackUp)
       ./chapter0.bak62 already exists, incrementing by 1... (see maxNumberOfBackUps and onlyOneBackUp)
       ./chapter0.bak63 already exists, incrementing by 1... (see maxNumberOfBackUps and onlyOneBackUp)
       ./chapter0.bak64 already exists, incrementing by 1... (see maxNumberOfBackUps and onlyOneBackUp)
       ./chapter0.bak65 already exists, incrementing by 1... (see maxNumberOfBackUps and onlyOneBackUp)
       ./chapter0.bak66 already exists, incrementing by 1... (see maxNumberOfBackUps and onlyOneBackUp)
       ./chapter0.bak67 already exists, incrementing by 1... (see maxNumberOfBackUps and onlyOneBackUp)
       ./chapter0.bak68 already exists, incrementing by 1... (see maxNumberOfBackUps and onlyOneBackUp)
       ./chapter0.bak69 already exists, incrementing by 1... (see maxNumberOfBackUps and onlyOneBackUp)
       ./chapter0.bak70 already exists, incrementing by 1... (see maxNumberOfBackUps and onlyOneBackUp)
       ./chapter0.bak71 already exists, incrementing by 1... (see maxNumberOfBackUps and onlyOneBackUp)
       ./chapter0.bak72 already exists, incrementing by 1... (see maxNumberOfBackUps and onlyOneBackUp)
       ./chapter0.bak73 already exists, incrementing by 1... (see maxNumberOfBackUps and onlyOneBackUp)
       ./chapter0.bak74 already exists, incrementing by 1... (see maxNumberOfBackUps and onlyOneBackUp)
       ./chapter0.bak75 already exists, incrementing by 1... (see maxNumberOfBackUps and onlyOneBackUp)
       ./chapter0.bak76 already exists, incrementing by 1... (see maxNumberOfBackUps and onlyOneBackUp)
       ./chapter0.bak77 already exists, incrementing by 1... (see maxNumberOfBackUps and onlyOneBackUp)
       ./chapter0.bak78 already exists, incrementing by 1... (see maxNumberOfBackUps and onlyOneBackUp)
       ./chapter0.bak79 already exists, incrementing by 1... (see maxNumberOfBackUps and onlyOneBackUp)
       ./chapter0.bak80 already exists, incrementing by 1... (see maxNumberOfBackUps and onlyOneBackUp)
       ./chapter0.bak81 already exists, incrementing by 1... (see maxNumberOfBackUps and onlyOneBackUp)
       ./chapter0.bak82 already exists, incrementing by 1... (see maxNumberOfBackUps and onlyOneBackUp)
       ./chapter0.bak83 already exists, incrementing by 1... (see maxNumberOfBackUps and onlyOneBackUp)
       ./chapter0.bak84 already exists, incrementing by 1... (see maxNumberOfBackUps and onlyOneBackUp)
       ./chapter0.bak85 already exists, incrementing by 1... (see maxNumberOfBackUps and onlyOneBackUp)
       ./chapter0.bak86 already exists, incrementing by 1... (see maxNumberOfBackUps and onlyOneBackUp)
       ./chapter0.bak87 already exists, incrementing by 1... (see maxNumberOfBackUps and onlyOneBackUp)
       ./chapter0.bak88 already exists, incrementing by 1... (see maxNumberOfBackUps and onlyOneBackUp)
       ./chapter0.bak89 already exists, incrementing by 1... (see maxNumberOfBackUps and onlyOneBackUp)
       ./chapter0.bak90 already exists, incrementing by 1... (see maxNumberOfBackUps and onlyOneBackUp)
       ./chapter0.bak91 already exists, incrementing by 1... (see maxNumberOfBackUps and onlyOneBackUp)
       ./chapter0.bak92 already exists, incrementing by 1... (see maxNumberOfBackUps and onlyOneBackUp)
       ./chapter0.bak93 already exists, incrementing by 1... (see maxNumberOfBackUps and onlyOneBackUp)
       ./chapter0.bak94 already exists, incrementing by 1... (see maxNumberOfBackUps and onlyOneBackUp)
       ./chapter0.bak95 already exists, incrementing by 1... (see maxNumberOfBackUps and onlyOneBackUp)
       ./chapter0.bak96 already exists, incrementing by 1... (see maxNumberOfBackUps and onlyOneBackUp)
       ./chapter0.bak97 already exists, incrementing by 1... (see maxNumberOfBackUps and onlyOneBackUp)
       ./chapter0.bak98 already exists, incrementing by 1... (see maxNumberOfBackUps and onlyOneBackUp)
       ./chapter0.bak99 already exists, incrementing by 1... (see maxNumberOfBackUps and onlyOneBackUp)
       ./chapter0.bak100 already exists, incrementing by 1... (see maxNumberOfBackUps and onlyOneBackUp)
       ./chapter0.bak101 already exists, incrementing by 1... (see maxNumberOfBackUps and onlyOneBackUp)
       copying chapter0.tex to ./chapter0.bak102
       Backup file: ./chapter0.bak102
       chapter0.tex will be overwritten after indentation
INFO:  Phase 1: searching for objects
INFO:  Phase 2: finding surrounding indentation
INFO:  Phase 3: indenting objects
INFO:  Phase 4: final indentation check
INFO:  Output routine:
       Overwriting file chapter0.tex
       --------------
INFO:  Please direct all communication/issues to:
        https://github.com/cmhughes/latexindent.pl
